<?xml version="1.0" encoding="UTF-8"?>
<testsuite xmlns:xsi="http://www.w3.org/2001/XMLSchema-instance" xsi:noNamespaceSchemaLocation="https://maven.apache.org/surefire/maven-surefire-plugin/xsd/surefire-test-report.xsd" version="3.0.2" name="com.company.Pos_System.repository.UserRepositoryTest" time="1.576" tests="6" errors="0" skipped="0" failures="0">
  <properties>
[...]
</properties>
  <testcase name="findByUsernameContainingAndDeletedAtIsNull" classname="com.company.Pos_System.repository.UserRepositoryTest" time="0.233">
    <system-out><![CDATA[2025-05-12T11:19:24.747+05:00  INFO 12646 --- [Pos-System] [           main] t.c.s.AnnotationConfigContextLoaderUtils : Could not detect default configuration classes for test class [com.company.Pos_System.repository.UserRepositoryTest]: UserRepositoryTest does not declare any static, non-private, non-final, nested classes annotated with @Configuration.
2025-05-12T11:19:24.785+05:00  INFO 12646 --- [Pos-System] [           main] .b.t.c.SpringBootTestContextBootstrapper : Found @SpringBootConfiguration com.company.Pos_System.PosSystemApplication for test class com.company.Pos_System.repository.UserRepositoryTest
             ,--.          ,--.           ,---.               ,--.                               ,--.
 ,---. ,---. `--',--,--, ,-'  '-.  ,---. /  .-'  ,---. ,--,--.|  |,---.   ,---. ,--.--. ,---.  ,-|  |
| .-. | .-. |,--.|      \'-.  .-' | .-. ||  `-, (  .-'' ,-.  ||  | .-. : | .-. ||  .--'| .-. |' .-. |
| '-' ' '-' '|  ||  ||  |  |  |   ' '-' '|  .-' .-'  `) '-'  ||  \   --. | '-' '|  |   ' '-' '\ `-' |
|  |-' `---' `--'`--''--'  `--'    `---' `--'   `----' `--`--'`--'`----' |  |-' `--'    `---'  `---'
`--'
2025-05-12T11:19:24.819+05:00  INFO 12646 --- [Pos-System] [           main] c.c.P.repository.UserRepositoryTest      : Starting UserRepositoryTest using Java 17.0.14 with PID 12646 (started by bobur in /home/bobur/IdeaProjects/Pos-System)
2025-05-12T11:19:24.820+05:00  INFO 12646 --- [Pos-System] [           main] c.c.P.repository.UserRepositoryTest      : The following 1 profile is active: "prod"
2025-05-12T11:19:24.914+05:00  INFO 12646 --- [Pos-System] [           main] .s.d.r.c.RepositoryConfigurationDelegate : Bootstrapping Spring Data JPA repositories in DEFAULT mode.
2025-05-12T11:19:24.936+05:00  INFO 12646 --- [Pos-System] [           main] .s.d.r.c.RepositoryConfigurationDelegate : Finished Spring Data repository scanning in 21 ms. Found 7 JPA repository interfaces.
2025-05-12T11:19:24.957+05:00  INFO 12646 --- [Pos-System] [           main] beddedDataSourceBeanFactoryPostProcessor : Replacing 'dataSource' DataSource bean with embedded version
2025-05-12T11:19:24.996+05:00  INFO 12646 --- [Pos-System] [           main] o.s.j.d.e.EmbeddedDatabaseFactory        : Starting embedded database: url='jdbc:h2:mem:76ef3869-5093-48be-b951-54a0f1e3ec84;DB_CLOSE_DELAY=-1;DB_CLOSE_ON_EXIT=false', username='sa'
2025-05-12T11:19:25.458+05:00  INFO 12646 --- [Pos-System] [           main] o.hibernate.jpa.internal.util.LogHelper  : HHH000204: Processing PersistenceUnitInfo [name: default]
2025-05-12T11:19:25.460+05:00  INFO 12646 --- [Pos-System] [           main] o.h.c.internal.RegionFactoryInitiator    : HHH000026: Second-level cache disabled
2025-05-12T11:19:25.473+05:00  INFO 12646 --- [Pos-System] [           main] o.s.o.j.p.SpringPersistenceUnitInfo      : No LoadTimeWeaver setup: ignoring JPA class transformer
2025-05-12T11:19:25.733+05:00  INFO 12646 --- [Pos-System] [           main] o.h.e.t.j.p.i.JtaPlatformInitiator       : HHH000489: No JTA platform available (set 'hibernate.transaction.jta.platform' to enable JTA platform integration)
Hibernate: create table category (id bigint generated by default as identity, created_at timestamp(6), deleted_at timestamp(6), updated_at timestamp(6), description text not null, name varchar(255) not null, primary key (id))
Hibernate: create table order_items (id bigint generated by default as identity, created_at timestamp(6), deleted_at timestamp(6), updated_at timestamp(6), price numeric(38,2) not null, quantity numeric(38,2) not null, order_id bigint not null, product_id bigint not null, primary key (id))
Hibernate: create table orders (id bigint generated by default as identity, created_at timestamp(6), deleted_at timestamp(6), updated_at timestamp(6), status enum ('CANCELLED','COMPLETED','PENDING') not null, total numeric(38,2) not null, user_id bigint not null, warehouse_id bigint not null, primary key (id))
Hibernate: create table product_inventory (id bigint generated by default as identity, created_at timestamp(6), deleted_at timestamp(6), updated_at timestamp(6), quantity integer not null, product_id bigint, warehouse_id bigint, primary key (id))
Hibernate: create table products (id bigint generated by default as identity, created_at timestamp(6), deleted_at timestamp(6), updated_at timestamp(6), description TEXT not null, name varchar(255) not null, price numeric(38,2) not null, serial varchar(255) not null, category_id bigint not null, warehouse_id bigint not null, primary key (id))
Hibernate: create table users (id bigint generated by default as identity, created_at timestamp(6), deleted_at timestamp(6), updated_at timestamp(6), full_name varchar(255), password varchar(255), role enum ('ADMIN','MANAGER','STAFF'), username varchar(255), primary key (id))
Hibernate: create table ware_house (id bigint generated by default as identity, created_at timestamp(6), deleted_at timestamp(6), updated_at timestamp(6), location varchar(255), name varchar(255), primary key (id))
Hibernate: alter table if exists category drop constraint if exists UK46ccwnsi9409t36lurvtyljak
Hibernate: alter table if exists category add constraint UK46ccwnsi9409t36lurvtyljak unique (name)
Hibernate: alter table if exists products drop constraint if exists UKe8trcif5uq8w8oc5twpi4cu65
Hibernate: alter table if exists products add constraint UKe8trcif5uq8w8oc5twpi4cu65 unique (serial)
Hibernate: alter table if exists order_items add constraint FKbioxgbv59vetrxe0ejfubep1w foreign key (order_id) references orders
Hibernate: alter table if exists order_items add constraint FKocimc7dtr037rh4ls4l95nlfi foreign key (product_id) references products
Hibernate: alter table if exists orders add constraint FK32ql8ubntj5uh44ph9659tiih foreign key (user_id) references users
Hibernate: alter table if exists orders add constraint FKfmch72wbfb63jbethlgjopol9 foreign key (warehouse_id) references ware_house
Hibernate: alter table if exists product_inventory add constraint FK40jwyi5ktpjmllk3nvvgiy6r0 foreign key (product_id) references products
Hibernate: alter table if exists product_inventory add constraint FK33ve615em04awiog0l277u1dp foreign key (warehouse_id) references ware_house
Hibernate: alter table if exists products add constraint FK1cf90etcu98x1e6n9aks3tel3 foreign key (category_id) references category
Hibernate: alter table if exists products add constraint FKnm53lwe1q9md0j64c76nid7d9 foreign key (warehouse_id) references ware_house
2025-05-12T11:19:25.851+05:00  INFO 12646 --- [Pos-System] [           main] j.LocalContainerEntityManagerFactoryBean : Initialized JPA EntityManagerFactory for persistence unit 'default'
2025-05-12T11:19:25.993+05:00  INFO 12646 --- [Pos-System] [           main] c.c.P.repository.UserRepositoryTest      : Started UserRepositoryTest in 1.204 seconds (process running for 12.889)
Hibernate: insert into users (created_at,deleted_at,full_name,password,role,updated_at,username,id) values (?,?,?,?,?,?,?,default)
Hibernate: select u1_0.id,u1_0.created_at,u1_0.deleted_at,u1_0.full_name,u1_0.password,u1_0.role,u1_0.updated_at,u1_0.username from users u1_0 where u1_0.username like ? escape '\' and u1_0.deleted_at is null
]]></system-out>
  </testcase>
  <testcase name="findAllByDeletedAtIsNull" classname="com.company.Pos_System.repository.UserRepositoryTest" time="0.015">
    <system-out><![CDATA[Hibernate: insert into users (created_at,deleted_at,full_name,password,role,updated_at,username,id) values (?,?,?,?,?,?,?,default)
Hibernate: select u1_0.id,u1_0.created_at,u1_0.deleted_at,u1_0.full_name,u1_0.password,u1_0.role,u1_0.updated_at,u1_0.username from users u1_0 where u1_0.deleted_at is null
]]></system-out>
  </testcase>
  <testcase name="existsByUsernameAndDeletedAtIsNull" classname="com.company.Pos_System.repository.UserRepositoryTest" time="0.019">
    <system-out><![CDATA[Hibernate: insert into users (created_at,deleted_at,full_name,password,role,updated_at,username,id) values (?,?,?,?,?,?,?,default)
Hibernate: select u1_0.id from users u1_0 where u1_0.username=? and u1_0.deleted_at is null fetch first ? rows only
]]></system-out>
  </testcase>
  <testcase name="findByUsernameAndDeletedAtIsNull" classname="com.company.Pos_System.repository.UserRepositoryTest" time="0.012">
    <system-out><![CDATA[Hibernate: insert into users (created_at,deleted_at,full_name,password,role,updated_at,username,id) values (?,?,?,?,?,?,?,default)
Hibernate: select u1_0.id,u1_0.created_at,u1_0.deleted_at,u1_0.full_name,u1_0.password,u1_0.role,u1_0.updated_at,u1_0.username from users u1_0 where u1_0.username=? and u1_0.deleted_at is null
]]></system-out>
  </testcase>
  <testcase name="findByIdAndDeletedAtIsNull" classname="com.company.Pos_System.repository.UserRepositoryTest" time="0.017">
    <system-out><![CDATA[Hibernate: insert into users (created_at,deleted_at,full_name,password,role,updated_at,username,id) values (?,?,?,?,?,?,?,default)
Hibernate: select u1_0.id,u1_0.created_at,u1_0.deleted_at,u1_0.full_name,u1_0.password,u1_0.role,u1_0.updated_at,u1_0.username from users u1_0 where u1_0.id=? and u1_0.deleted_at is null
]]></system-out>
  </testcase>
  <testcase name="findByRoleAndDeletedAtIsNull" classname="com.company.Pos_System.repository.UserRepositoryTest" time="0.015">
    <system-out><![CDATA[Hibernate: insert into users (created_at,deleted_at,full_name,password,role,updated_at,username,id) values (?,?,?,?,?,?,?,default)
Hibernate: select u1_0.id,u1_0.created_at,u1_0.deleted_at,u1_0.full_name,u1_0.password,u1_0.role,u1_0.updated_at,u1_0.username from users u1_0 where u1_0.role=? and u1_0.deleted_at is null
]]></system-out>
  </testcase>
</testsuite>